Arguments: 
  /usr/local/bin/node /Users/addy/.npm/_npx/4827/lib/node_modules/create-sanity/node_modules/@sanity/cli/vendor/yarn install --json --non-interactive --ignore-engines --registry https://registry.npmjs.org

PATH: 
  /Users/addy/drippingwetvapes/nextjsecommerce/node_modules/.bin:/Users/addy/drippingwetvapes/node_modules/.bin:/Users/addy/node_modules/.bin:/Users/node_modules/.bin:/node_modules/.bin:/usr/local/bin:/Users/addy/.npm/_npx/4827/lib/node_modules/create-sanity/node_modules/vendor:/Users/addy/.npm/_npx/4827/bin:/Users/addy/node_modules/.bin:/usr/local/bin:/usr/bin:/bin:/usr/sbin:/sbin:/Applications/Server.app/Contents/ServerRoot/usr/bin:/Applications/Server.app/Contents/ServerRoot/usr/sbin:/Library/Apple/usr/bin

Yarn version: 
  1.22.10

Node version: 
  14.17.2

Platform: 
  darwin x64

Trace: 
  Error: https://registry.npmjs.org/date-fns/-/date-fns-2.23.0.tgz: ESOCKETTIMEDOUT
      at ClientRequest.<anonymous> (/Users/addy/.npm/_npx/4827/lib/node_modules/create-sanity/node_modules/@sanity/cli/vendor/yarn:141406:19)
      at Object.onceWrapper (events.js:481:28)
      at ClientRequest.emit (events.js:375:28)
      at TLSSocket.emitRequestTimeout (_http_client.js:790:9)
      at Object.onceWrapper (events.js:481:28)
      at TLSSocket.emit (events.js:387:35)
      at TLSSocket.Socket._onTimeout (net.js:484:8)
      at listOnTimeout (internal/timers.js:557:17)
      at processTimers (internal/timers.js:500:7)

npm manifest: 
  {
    "name": "nextjsecommerce",
    "private": true,
    "version": "1.0.0",
    "description": "",
    "main": "package.json",
    "author": "artificialadnaan <adnaan.iqbal@gmail.com>",
    "license": "UNLICENSED",
    "scripts": {
      "start": "sanity start",
      "build": "sanity build"
    },
    "keywords": [
      "sanity"
    ],
    "dependencies": {
      "@sanity/base": "^2.13.1",
      "@sanity/components": "^2.13.0",
      "@sanity/core": "^2.13.1",
      "@sanity/default-layout": "^2.13.1",
      "@sanity/default-login": "^2.13.1",
      "@sanity/desk-tool": "^2.13.1",
      "@sanity/vision": "^2.13.1",
      "prop-types": "^15.7",
      "react": "^17.0",
      "react-barcode": "^1.3.2",
      "react-dom": "^17.0"
    },
    "devDependencies": {}
  }

yarn manifest: 
  No manifest

Lockfile: 
  No lockfile
